c:\users\s-saotome\source\repos\shot\release\vc143.pdb
c:\users\s-saotome\source\repos\shot\release\player.obj
c:\users\s-saotome\source\repos\shot\release\pch.obj
c:\users\s-saotome\source\repos\shot\release\main.obj
c:\users\s-saotome\source\repos\shot\release\enemy.obj
c:\users\s-saotome\source\repos\shot\release\effect_pdead.obj
c:\users\s-saotome\source\repos\shot\release\effect_edead.obj
c:\users\s-saotome\source\repos\shot\release\control.obj
c:\users\s-saotome\source\repos\shot\release\back.obj
c:\users\s-saotome\source\repos\shot\release\graze.obj
c:\users\s-saotome\source\repos\shot\release\shot.exe
c:\users\s-saotome\source\repos\shot\release\shot.pdb
c:\users\s-saotome\source\repos\shot\release\shot.ipdb
c:\users\s-saotome\source\repos\shot\release\shot.iobj
c:\users\s-saotome\source\repos\shot\release\shot.tlog\cl.command.1.tlog
c:\users\s-saotome\source\repos\shot\release\shot.tlog\cl.read.1.tlog
c:\users\s-saotome\source\repos\shot\release\shot.tlog\cl.write.1.tlog
c:\users\s-saotome\source\repos\shot\release\shot.tlog\link.command.1.tlog
c:\users\s-saotome\source\repos\shot\release\shot.tlog\link.read.1.tlog
c:\users\s-saotome\source\repos\shot\release\shot.tlog\link.write.1.tlog
c:\users\s-saotome\source\repos\shot\release\shot.tlog\shot.write.1u.tlog
